INFO: [VRFC 10-2263] Analyzing Verilog file "D:/FPGA_Development/Image-Desampling-FPGA/ImageDesampleVerilog/ImageDesampleVerilog.srcs/sources_1/new/ALU.v" into library xil_defaultlib
INFO: [VRFC 10-311] analyzing module ALU
INFO: [VRFC 10-2263] Analyzing Verilog file "D:/FPGA_Development/Image-Desampling-FPGA/ImageDesampleVerilog/ImageDesampleVerilog.srcs/sources_1/new/ControlUnit.v" into library xil_defaultlib
INFO: [VRFC 10-311] analyzing module ControlUnit
INFO: [VRFC 10-2263] Analyzing Verilog file "D:/FPGA_Development/Image-Desampling-FPGA/ImageDesampleVerilog/ImageDesampleVerilog.srcs/sources_1/new/DMemory.v" into library xil_defaultlib
INFO: [VRFC 10-311] analyzing module DMemory
INFO: [VRFC 10-2263] Analyzing Verilog file "D:/FPGA_Development/Image-Desampling-FPGA/ImageDesampleVerilog/ImageDesampleVerilog.srcs/sources_1/new/Decoder.v" into library xil_defaultlib
INFO: [VRFC 10-311] analyzing module Decoder
INFO: [VRFC 10-2263] Analyzing Verilog file "D:/FPGA_Development/Image-Desampling-FPGA/ImageDesampleVerilog/ImageDesampleVerilog.srcs/sources_1/new/Memory.v" into library xil_defaultlib
INFO: [VRFC 10-311] analyzing module Memory
INFO: [VRFC 10-2263] Analyzing Verilog file "D:/FPGA_Development/Image-Desampling-FPGA/ImageDesampleVerilog/ImageDesampleVerilog.srcs/sources_1/new/Mux.v" into library xil_defaultlib
INFO: [VRFC 10-311] analyzing module Mux
INFO: [VRFC 10-2263] Analyzing Verilog file "D:/FPGA_Development/Image-Desampling-FPGA/ImageDesampleVerilog/ImageDesampleVerilog.srcs/sources_1/new/Register.v" into library xil_defaultlib
INFO: [VRFC 10-311] analyzing module Register
INFO: [VRFC 10-2263] Analyzing Verilog file "D:/FPGA_Development/Image-Desampling-FPGA/ImageDesampleVerilog/ImageDesampleVerilog.srcs/sources_1/new/SRegister.v" into library xil_defaultlib
INFO: [VRFC 10-311] analyzing module SRegister
INFO: [VRFC 10-2263] Analyzing Verilog file "D:/FPGA_Development/Image-Desampling-FPGA/ImageDesampleVerilog/ImageDesampleVerilog.srcs/sources_1/new/processor.v" into library xil_defaultlib
INFO: [VRFC 10-311] analyzing module processor
INFO: [VRFC 10-2263] Analyzing Verilog file "D:/FPGA_Development/Image-Desampling-FPGA/ImageDesampleVerilog/ImageDesampleVerilog.srcs/sources_1/new/testmp.v" into library xil_defaultlib
INFO: [VRFC 10-311] analyzing module TopModule
INFO: [VRFC 10-2263] Analyzing Verilog file "D:/FPGA_Development/Image-Desampling-FPGA/ImageDesampleVerilog/ImageDesampleVerilog.sim/sim_1/behav/xsim/glbl.v" into library xil_defaultlib
INFO: [VRFC 10-311] analyzing module glbl
